<?xml version="1.0" encoding="UTF-8"?>
<!-- Generated by org.testng.reporters.JUnitReportReporter -->
<testsuite hostname="DESKTOP-7U3NRAG" failures="0" tests="1" name="Framework.SeleniumJava.homePage" time="30.645" errors="0" timestamp="2022-03-31T17:13:58 NPT" skipped="0">
  <testcase classname="Framework.SeleniumJava.homePage" name="invokingDriver" time="30.645"/>
  <system-out/>
</testsuite> <!-- Framework.SeleniumJava.homePage -->
