<?xml version="1.0" encoding="UTF-8"?>
<!-- Generated by org.testng.reporters.JUnitReportReporter -->
<testsuite hostname="DESKTOP-7U3NRAG" failures="0" tests="1" name="Framework.SeleniumJava.homePage" time="6.326" errors="0" timestamp="2022-03-31T14:57:12 NPT" skipped="0">
  <testcase classname="Framework.SeleniumJava.homePage" name="invokingDriver" time="6.326"/>
  <system-out/>
</testsuite> <!-- Framework.SeleniumJava.homePage -->
