<?xml version="1.0" encoding="UTF-8"?>
<!-- Generated by org.testng.reporters.JUnitReportReporter -->
<testsuite hostname="DESKTOP-7U3NRAG" failures="0" tests="2" name="Framework.SeleniumJava.homePage" time="56.221" errors="0" timestamp="2022-03-30T21:19:37 NPT" skipped="0">
  <testcase classname="Framework.SeleniumJava.homePage" name="invokingDriver" time="26.292"/>
  <system-out/>
  <testcase classname="Framework.SeleniumJava.homePage" name="invokingDriver" time="29.929"/>
  <system-out/>
</testsuite> <!-- Framework.SeleniumJava.homePage -->
