<?xml version="1.0" encoding="UTF-8"?>
<!-- Generated by org.testng.reporters.JUnitReportReporter -->
<testsuite skipped="0" hostname="DESKTOP-7U3NRAG" name="Framework.SeleniumJava.homePage" tests="1" failures="0" timestamp="2022-03-31T18:20:08 NPT" time="28.516" errors="0">
  <testcase name="invokingDriver" time="28.516" classname="Framework.SeleniumJava.homePage"/>
  <system-out/>
</testsuite> <!-- Framework.SeleniumJava.homePage -->
